Task Name: Mapping2_Mapping2
Agent Group Id: 025000000000002
Agent Group Name: Informatica Cloud Hosted Agent
Agent Id: 00800000000000E
09/29/2021 05:22:26 **** Importing Connection: Conn_01ATTB0B000000000003 ...
09/29/2021 05:22:26 **** Importing Source Definition: Cars ...
09/29/2021 05:22:26 **** Importing Target Definition: Max_Car_Prices ...
09/29/2021 05:22:26 **** Importing Target Definition: Min_Car_Prices ...
09/29/2021 05:22:26 **** Importing SessionConfig: default_session_config ...
    <Warning> :  The Error Log DB Connection value should have Relational: as the prefix.
    <Warning> :  Invalid value  for attribute Error Log DB Connection. Will use the default value 
    Validating Source Definition  Cars...
    Validating Target Definition  Min_Car_Prices...
    Validating Target Definition  Max_Car_Prices...
09/29/2021 05:22:26 **** Importing Mapping: Mapping0 ...
    <Warning> :  transformation: Source - Invalid value  for attribute Output is repeatable. Will use the default value Never    [transformation< Source > ] 
Validating transformations of mapping Mapping0...
Validating mapping variable(s).
09/29/2021 05:22:26 **** Importing Workflow: wf_mtt_01ATTB0Z000000000003 ...
    <Warning> :  The value entered is not a valid integer.
    <Warning> :  Invalid value NO for attribute Fail task after wait time. Will use the default value 
Successfully extracted session instance [s_mtt_01ATTB0Z000000000003].  Starting repository sequence id is [1065577267]
DIRECTOR> VAR_27085 [2021-09-29 05:22:26.688] Parameter file [/data2/home/cldagnt/SystemAgent/apps/Data_Integration_Server/data/01ATTB0E0000000000B6/01ATTB/parameters/s_mtt_01ATTB0Z000000000003.param] is opened for [session [wf_mtt_01ATTB0Z000000000003.s_mtt_01ATTB0Z000000000003]].
DIRECTOR> VAR_27062 [2021-09-29 05:22:26.689] Warning! Cannot find section for worklet [wf_mtt_01ATTB0Z000000000003] and folder [] in parameter file [/data2/home/cldagnt/SystemAgent/apps/Data_Integration_Server/data/01ATTB0E0000000000B6/01ATTB/parameters/s_mtt_01ATTB0Z000000000003.param].
DIRECTOR> VAR_27028 [2021-09-29 05:22:26.689] Use override value [s_mtt_01ATTB0Z000000000003_2_error.csv] for user-defined workflow/worklet variable:[$ErrorFileName].
DIRECTOR> VAR_27028 [2021-09-29 05:22:26.689] Use override value [2021-09-29] for user-defined workflow/worklet variable:[$LastRunDate].
DIRECTOR> VAR_27028 [2021-09-29 05:22:26.689] Use override value [2021-09-29 05:01:31] for user-defined workflow/worklet variable:[$LastRunTime].
DIRECTOR> VAR_27028 [2021-09-29 05:22:26.689] Use override value [s_mtt_01ATTB0Z000000000003_9_29_2021_05_22_success.csv] for user-defined workflow/worklet variable:[$SuccessFileName].
DIRECTOR> TM_6014 [2021-09-29 05:22:26.689] Initializing session [s_mtt_01ATTB0Z000000000003] at [Wed Sep 29 05:22:26 2021].
DIRECTOR> TM_6683 [2021-09-29 05:22:26.689] Repository Name: [XMLRepository]
DIRECTOR> TM_6684 [2021-09-29 05:22:26.689] Server Name: [rDTM]
DIRECTOR> TM_6686 [2021-09-29 05:22:26.689] Folder: []
DIRECTOR> TM_6685 [2021-09-29 05:22:26.689] Workflow: [wf_mtt_01ATTB0Z000000000003] Run Instance Name: [] Run Id: [0]
DIRECTOR> TM_6101 [2021-09-29 05:22:26.689] Mapping name: Mapping0.
DIRECTOR> TM_6964 [2021-09-29 05:22:26.690] Date format for the Session is [MM/DD/YYYY HH24:MI:SS.US]
DIRECTOR> TM_6703 [2021-09-29 05:22:26.715] Session [s_mtt_01ATTB0Z000000000003] is run by 64-bit Integration Service  [], version [9.1.0 HotFix1], build [0627].
MANAGER> PETL_24058 [2021-09-29 05:22:26.983] Running Partition Group [1].
MANAGER> PETL_24000 [2021-09-29 05:22:26.983] Parallel Pipeline Engine initializing.
MANAGER> PETL_24001 [2021-09-29 05:22:26.986] Parallel Pipeline Engine running.
MANAGER> PETL_24003 [2021-09-29 05:22:26.987] Initializing session run.
MAPPING> CMN_1569 [2021-09-29 05:22:26.989] Server Mode: [UNICODE]
MAPPING> CMN_1570 [2021-09-29 05:22:26.989] Server Code page: [ISO 8859-1 Western European]
MAPPING> TM_6151 [2021-09-29 05:22:26.989] The session sort order is [Binary].
MAPPING> TM_6185 [2021-09-29 05:22:26.989] Warning. Code page validation is disabled in this session.
MAPPING> CMN_65083 [2021-09-29 05:22:26.989] Current Timezone:[UTC +0:0]
MAPPING> CMN_65085 [2021-09-29 05:22:26.989] Current Process ID:[5929]
MAPPING> TM_6155 [2021-09-29 05:22:26.989] Using HIGH precision processing.
MAPPING> TM_6180 [2021-09-29 05:22:26.989] Deadlock retry logic will not be implemented.
MAPPING> TM_6187 [2021-09-29 05:22:26.989] Session target-based commit interval is [10000].
MAPPING> TM_6307 [2021-09-29 05:22:26.990] DTM error log disabled. 
MAPPING> TE_7022 [2021-09-29 05:22:27.051] TShmWriter: Initialized
MAPPING> DBG_21694 [2021-09-29 05:22:27.054] Max_Price_Aggregator Partition [0]: Index cache size = [1000000], Data cache size = [2000000]
MAPPING> TE_7212 [2021-09-29 05:22:27.054] Increasing [Index Cache] size for transformation [Max_Price_Aggregator] from [1000000] to [10549248].
MAPPING> TE_7212 [2021-09-29 05:22:27.054] Increasing [Data Cache] size for transformation [Max_Price_Aggregator] from [2000000] to [2097280].
MAPPING> TE_7029 [2021-09-29 05:22:27.054] Aggregate Information: Creating New Index and Data Files
MAPPING> TE_7034 [2021-09-29 05:22:27.054] Aggregate Information: Index file is [/data2/home/cldagnt/SystemAgent/apps/Data_Integration_Server/data/01ATTB0E0000000000B6/01ATTB/cache/PMAGG1065577307_5_0.idx]
MAPPING> TE_7035 [2021-09-29 05:22:27.054] Aggregate Information: Data file is [/data2/home/cldagnt/SystemAgent/apps/Data_Integration_Server/data/01ATTB0E0000000000B6/01ATTB/cache/PMAGG1065577307_5_0.dat]
MAPPING> DBG_21694 [2021-09-29 05:22:27.055] MIN_Price_Aggregator Partition [0]: Index cache size = [1000000], Data cache size = [2000000]
MAPPING> TE_7212 [2021-09-29 05:22:27.055] Increasing [Index Cache] size for transformation [MIN_Price_Aggregator] from [1000000] to [10549248].
MAPPING> TE_7212 [2021-09-29 05:22:27.055] Increasing [Data Cache] size for transformation [MIN_Price_Aggregator] from [2000000] to [2097280].
MAPPING> TE_7029 [2021-09-29 05:22:27.055] Aggregate Information: Creating New Index and Data Files
MAPPING> TE_7034 [2021-09-29 05:22:27.055] Aggregate Information: Index file is [/data2/home/cldagnt/SystemAgent/apps/Data_Integration_Server/data/01ATTB0E0000000000B6/01ATTB/cache/PMAGG1065577307_6_0.idx]
MAPPING> TE_7035 [2021-09-29 05:22:27.055] Aggregate Information: Data file is [/data2/home/cldagnt/SystemAgent/apps/Data_Integration_Server/data/01ATTB0E0000000000B6/01ATTB/cache/PMAGG1065577307_6_0.dat]
MAPPING> TM_6007 [2021-09-29 05:22:27.056] DTM initialized successfully for session [s_mtt_01ATTB0Z000000000003]
DIRECTOR> PETL_24033 [2021-09-29 05:22:27.210] All DTM Connection Info: [<NONE>].
MANAGER> PETL_24004 [2021-09-29 05:22:27.210] Starting pre-session tasks. : (Wed Sep 29 05:22:27 2021)
MANAGER> PETL_24027 [2021-09-29 05:22:27.227] Pre-session task completed successfully. : (Wed Sep 29 05:22:27 2021)
DIRECTOR> PETL_24006 [2021-09-29 05:22:27.227] Starting data movement.
MAPPING> TM_6660 [2021-09-29 05:22:27.228] Total Buffer Pool size is 15798240 bytes and Block size is 562080 bytes.
READER_1_1_1> DBG_21438 [2021-09-29 05:22:27.256] Reader: Source is [odbc://dbtype=MySQL;host=sql6.freemysqlhosting.net;port=3306;database=sql6439158], user [sql6439158]
READER_1_1_1> BLKR_16051 [2021-09-29 05:22:27.258] Source database connection [Conn_01ATTB0B000000000003] code page: [UTF-8 encoding of Unicode]
READER_1_1_1> CMN_1021 [2021-09-29 05:22:27.258] Database driver event...
CMN_1021 [Driver Manager used is [UnixODBC 2.3.4].]

READER_1_1_1> CMN_1021 [2021-09-29 05:22:28.875] Database driver event...
CMN_1021 [ODBC Event Using array fetches.
ODBC Event Using Single Row Inserts. connect string = [Driver=MySQL ODBC 8.0 Unicode Driver;Server=sql6.freemysqlhosting.net;Database=sql6439158;Port=3306;USER=sql6439158;NO_SSPS=1;stmt=set time_zone = '+00:00';Charset=UTF8;OPTION=3;SSLMODE=DISABLED]. userid = [sql6439158]
DBMS Name:	MySQL
DBMS Version:	5.5.62-0ubuntu0.14.04.1
Driver Name:	libmyodbc8w.so
Driver Version:	08.00.0012
MySQL rewrite batch optimization is disabled with maximum bind parameter size set to 2500.]

READER_1_1_1> BLKR_16003 [2021-09-29 05:22:28.875] Initialization completed successfully.
WRITER_1_*_1> WRT_8147 [2021-09-29 05:22:28.925] Writer: Target is database [odbc://dbtype=MySQL;host=sql6.freemysqlhosting.net;port=3306;database=sql6439158], user [sql6439158], bulk mode [OFF]
WRITER_1_*_1> CMN_1021 [2021-09-29 05:22:28.925] Database driver event...
CMN_1021 [Driver Manager used is [UnixODBC 2.3.4].]

WRITER_1_*_1> CMN_1021 [2021-09-29 05:22:30.550] Database driver event...
CMN_1021 [ODBC Event Using array fetches.
ODBC Event Using Single Row Inserts. connect string = [Driver=MySQL ODBC 8.0 Unicode Driver;Server=sql6.freemysqlhosting.net;Database=sql6439158;Port=3306;USER=sql6439158;NO_SSPS=1;stmt=set time_zone = '+00:00';Charset=UTF8;OPTION=3;SSLMODE=DISABLED]. userid = [sql6439158]
DBMS Name:	MySQL
DBMS Version:	5.5.62-0ubuntu0.14.04.1
Driver Name:	libmyodbc8w.so
Driver Version:	08.00.0012
MySQL rewrite batch optimization is disabled with maximum bind parameter size set to 2500.]

WRITER_1_*_1> WRT_8221 [2021-09-29 05:22:30.906] Target database connection [Conn_01ATTB0B000000000003] code page: [UTF-8 encoding of Unicode]
WRITER_1_*_1> WRT_8124 [2021-09-29 05:22:30.907] Target Table Max_Car_Prices :SQL INSERT statement:
INSERT INTO sql6439158.Max_Car_Prices(Car_ID,Car_Name,Car_Price)  VALUES ( ?, ?, ?) 
WRITER_1_*_1> WRT_8020 [2021-09-29 05:22:30.908] No column marked as primary key for table [Max_Car_Prices]. UPDATEs Not Supported.
WRITER_1_*_1> WRT_8147 [2021-09-29 05:22:30.908] Writer: Target is database [odbc://dbtype=MySQL;host=sql6.freemysqlhosting.net;port=3306;database=sql6439158], user [sql6439158], bulk mode [OFF]
WRITER_1_*_1> WRT_8124 [2021-09-29 05:22:30.909] Target Table Min_Car_Prices :SQL INSERT statement:
INSERT INTO sql6439158.Min_Car_Prices(Car_ID,Car_Name,Car_Price)  VALUES ( ?, ?, ?) 
WRITER_1_*_1> WRT_8020 [2021-09-29 05:22:30.909] No column marked as primary key for table [Min_Car_Prices]. UPDATEs Not Supported.
WRITER_1_*_1> WRT_8270 [2021-09-29 05:22:30.909] Target connection group #1 consists of target(s) [Max_Car_Prices, Min_Car_Prices]
WRITER_1_*_1> WRT_8003 [2021-09-29 05:22:30.909] Writer initialization complete.
READER_1_1_1> BLKR_16007 [2021-09-29 05:22:30.909] Reader run started.
READER_1_1_1> RR_4010 [2021-09-29 05:22:30.909] SQ instance [Source] SQL Query [SELECT sql6439158.Cars.Car_ID, sql6439158.Cars.Car_Name, sql6439158.Cars.Car_Country, sql6439158.Cars.Car_Price FROM sql6439158.Cars]
READER_1_1_1> RR_4049 [2021-09-29 05:22:30.909] SQL Query issued to database : (Wed Sep 29 05:22:30 2021)
WRITER_1_*_1> WRT_8005 [2021-09-29 05:22:30.909] Writer run started.
WRITER_1_*_1> WRT_8158 [2021-09-29 05:22:30.909] 

*****START LOAD SESSION*****

Load Start Time: Wed Sep 29 05:22:29 2021

Target tables:

     Max_Car_Prices
     Min_Car_Prices


READER_1_1_1> RR_4050 [2021-09-29 05:22:31.086] First row returned from database to reader : (Wed Sep 29 05:22:31 2021)
READER_1_1_1> BLKR_16019 [2021-09-29 05:22:31.086] Read [100] rows, read [0] error rows for source table [Cars] instance name [Cars]
READER_1_1_1> BLKR_16008 [2021-09-29 05:22:31.086] Reader run completed.
TRANSF_1_1_1> TE_7032 [2021-09-29 05:22:31.122] The B-Tree being managed in files
/data2/home/cldagnt/SystemAgent/apps/Data_Integration_Server/data/01ATTB0E0000000000B6/01ATTB/cache/PMAGG1065577307_5_0.dat for Data and

/data2/home/cldagnt/SystemAgent/apps/Data_Integration_Server/data/01ATTB0E0000000000B6/01ATTB/cache/PMAGG1065577307_5_0.idx for Index has:
	Index Size:	1535
	Row Size:	632
	Order:		100
	Minimum Order:	50
	Height:		1
	Entries:	20
	IndexPageSize:	155136
	IndexPages:	68
	DataPageSize:	640
	DataPages:	3277

TRANSF_1_1_1> TE_7032 [2021-09-29 05:22:31.122] The B-Tree being managed in files
/data2/home/cldagnt/SystemAgent/apps/Data_Integration_Server/data/01ATTB0E0000000000B6/01ATTB/cache/PMAGG1065577307_6_0.dat for Data and

/data2/home/cldagnt/SystemAgent/apps/Data_Integration_Server/data/01ATTB0E0000000000B6/01ATTB/cache/PMAGG1065577307_6_0.idx for Index has:
	Index Size:	1535
	Row Size:	632
	Order:		100
	Minimum Order:	50
	Height:		1
	Entries:	20
	IndexPageSize:	155136
	IndexPages:	68
	DataPageSize:	640
	DataPages:	3277

TRANSF_1_1_1> DBG_21216 [2021-09-29 05:22:31.122] Finished transformations for Source Qualifier [Source]. Total errors [0] 
WRITER_1_*_1> WRT_8167 [2021-09-29 05:22:31.123] Start loading table [Max_Car_Prices] at: Wed Sep 29 05:22:31 2021
WRITER_1_*_1> WRT_8167 [2021-09-29 05:22:34.660] Start loading table [Min_Car_Prices] at: Wed Sep 29 05:22:34 2021
WRITER_1_*_1> WRT_8168 [2021-09-29 05:22:38.176] End loading table [Max_Car_Prices] at: Wed Sep 29 05:22:37 2021
WRITER_1_*_1> WRT_8141 [2021-09-29 05:22:38.349] 
Commit on end-of-data  Wed Sep 29 05:22:38 2021
===================================================

WRT_8036 Target: Max_Car_Prices (Instance Name: [Max_Car_Prices])
WRT_8038 Inserted rows - Requested: 20         Applied: 20         Rejected: 0          Affected: 20        

WRT_8036 Target: Min_Car_Prices (Instance Name: [Min_Car_Prices])
WRT_8038 Inserted rows - Requested: 20         Applied: 20         Rejected: 0          Affected: 20        

WRITER_1_*_1> WRT_8168 [2021-09-29 05:22:38.349] End loading table [Min_Car_Prices] at: Wed Sep 29 05:22:38 2021
WRITER_1_*_1> WRT_8035 [2021-09-29 05:22:38.349] Load complete time: Wed Sep 29 05:22:38 2021

LOAD SUMMARY
============

WRT_8036 Target: Max_Car_Prices (Instance Name: [Max_Car_Prices])
WRT_8038 Inserted rows - Requested: 20         Applied: 20         Rejected: 0          Affected: 20        

WRT_8036 Target: Min_Car_Prices (Instance Name: [Min_Car_Prices])
WRT_8038 Inserted rows - Requested: 20         Applied: 20         Rejected: 0          Affected: 20        


WRITER_1_*_1> WRT_8043 [2021-09-29 05:22:38.349] *****END LOAD SESSION*****
WRITER_1_*_1> WRT_8006 [2021-09-29 05:22:38.609] Writer run completed.
MANAGER> PETL_24031 [2021-09-29 05:22:38.610] 
***** RUN INFO FOR TGT LOAD ORDER GROUP [1], CONCURRENT SET [1] *****
Thread [READER_1_1_1] created for [the read stage] of partition point [Source] has completed. The total run time was insufficient for any meaningful statistics.
Thread [TRANSF_1_1_1] created for [the transformation stage] of partition point [Source] has completed. The total run time was insufficient for any meaningful statistics.
Thread [WRITER_1_*_1] created for [the write stage] of partition point [Max_Car_Prices, Min_Car_Prices] has completed.
	Total Run Time = [7.486700] secs
	Total Idle Time = [0.000000] secs
	Busy Percentage = [100.000000]

MAPPING> CMN_1791 [2021-09-29 05:22:38.610] The index cache size that would hold [20] aggregate groups of input rows for [Max_Price_Aggregator], in memory, is [155136] bytes
MAPPING> CMN_1790 [2021-09-29 05:22:38.610] The data cache size that would hold [20] aggregate groups of input rows for [Max_Price_Aggregator], in memory, is [12800] bytes
MAPPING> CMN_1791 [2021-09-29 05:22:38.610] The index cache size that would hold [20] aggregate groups of input rows for [MIN_Price_Aggregator], in memory, is [155136] bytes
MAPPING> CMN_1790 [2021-09-29 05:22:38.610] The data cache size that would hold [20] aggregate groups of input rows for [MIN_Price_Aggregator], in memory, is [12800] bytes
MANAGER> PETL_24005 [2021-09-29 05:22:38.611] Starting post-session tasks. : (Wed Sep 29 05:22:38 2021)
MANAGER> PETL_24029 [2021-09-29 05:22:38.678] Post-session task completed successfully. : (Wed Sep 29 05:22:38 2021)
MAPPING> TM_6018 [2021-09-29 05:22:38.678] The session completed with [0] row transformation errors. 
MANAGER> TE_7216 [2021-09-29 05:22:38.679] Deleting cache files [/data2/home/cldagnt/SystemAgent/apps/Data_Integration_Server/data/01ATTB0E0000000000B6/01ATTB/cache/PMAGG1065577307_5_0.idx] for transformation [Max_Price_Aggregator].
MANAGER> TE_7216 [2021-09-29 05:22:38.679] Deleting cache files [/data2/home/cldagnt/SystemAgent/apps/Data_Integration_Server/data/01ATTB0E0000000000B6/01ATTB/cache/PMAGG1065577307_5_0.dat] for transformation [Max_Price_Aggregator].
MANAGER> TE_7216 [2021-09-29 05:22:38.679] Deleting cache files [/data2/home/cldagnt/SystemAgent/apps/Data_Integration_Server/data/01ATTB0E0000000000B6/01ATTB/cache/PMAGG1065577307_6_0.idx] for transformation [MIN_Price_Aggregator].
MANAGER> TE_7216 [2021-09-29 05:22:38.679] Deleting cache files [/data2/home/cldagnt/SystemAgent/apps/Data_Integration_Server/data/01ATTB0E0000000000B6/01ATTB/cache/PMAGG1065577307_6_0.dat] for transformation [MIN_Price_Aggregator].
MANAGER> PETL_24002 [2021-09-29 05:22:39.230] Parallel Pipeline Engine finished.
DIRECTOR> PETL_24012 [2021-09-29 05:22:39.231] Session run completed successfully.
DIRECTOR> TM_6022 [2021-09-29 05:22:39.231] 

SESSION LOAD SUMMARY
================================================

DIRECTOR> TM_6252 [2021-09-29 05:22:39.231] Source Load Summary.
DIRECTOR> CMN_1740 [2021-09-29 05:22:39.231] Table: [Source] (Instance Name: [Source])
	 Output Rows [100], Affected Rows [100], Applied Rows [100], Rejected Rows [0]
DIRECTOR> TM_6253 [2021-09-29 05:22:39.231] Target Load Summary.
DIRECTOR> CMN_1740 [2021-09-29 05:22:39.231] Table: [Max_Car_Prices] (Instance Name: [Max_Car_Prices])
	 Output Rows [20], Affected Rows [20], Applied Rows [20], Rejected Rows [0]
DIRECTOR> CMN_1740 [2021-09-29 05:22:39.231] Table: [Min_Car_Prices] (Instance Name: [Min_Car_Prices])
	 Output Rows [20], Affected Rows [20], Applied Rows [20], Rejected Rows [0]
DIRECTOR> TM_6023 [2021-09-29 05:22:39.231] 
===================================================

DIRECTOR> TM_6020 [2021-09-29 05:22:39.231] Session [s_mtt_01ATTB0Z000000000003] completed at [Wed Sep 29 05:22:39 2021].
